Determining if the pthread_create exist failed with the following output:
Change Dir: /home/pi/ros_catkin_ws/build_isolated/bond/CMakeFiles/CMakeTmp

Run Build Command:"/usr/bin/make" "cmTC_e7af3/fast"
/usr/bin/make -f CMakeFiles/cmTC_e7af3.dir/build.make CMakeFiles/cmTC_e7af3.dir/build
make[1]: Entering directory '/home/pi/ros_catkin_ws/build_isolated/bond/CMakeFiles/CMakeTmp'
Building C object CMakeFiles/cmTC_e7af3.dir/CheckSymbolExists.c.o
/usr/bin/cc     -o CMakeFiles/cmTC_e7af3.dir/CheckSymbolExists.c.o   -c /home/pi/ros_catkin_ws/build_isolated/bond/CMakeFiles/CMakeTmp/CheckSymbolExists.c
Linking C executable cmTC_e7af3
/usr/bin/cmake -E cmake_link_script CMakeFiles/cmTC_e7af3.dir/link.txt --verbose=1
/usr/bin/cc       CMakeFiles/cmTC_e7af3.dir/CheckSymbolExists.c.o  -o cmTC_e7af3 -rdynamic 
CMakeFiles/cmTC_e7af3.dir/CheckSymbolExists.c.o: In function `main':
CheckSymbolExists.c:(.text+0x38): undefined reference to `pthread_create'
collect2: error: ld returned 1 exit status
CMakeFiles/cmTC_e7af3.dir/build.make:97: recipe for target 'cmTC_e7af3' failed
make[1]: *** [cmTC_e7af3] Error 1
make[1]: Leaving directory '/home/pi/ros_catkin_ws/build_isolated/bond/CMakeFiles/CMakeTmp'
Makefile:126: recipe for target 'cmTC_e7af3/fast' failed
make: *** [cmTC_e7af3/fast] Error 2

File /home/pi/ros_catkin_ws/build_isolated/bond/CMakeFiles/CMakeTmp/CheckSymbolExists.c:
/* */
#include <pthread.h>

int main(int argc, char** argv)
{
  (void)argv;
#ifndef pthread_create
  return ((int*)(&pthread_create))[argc];
#else
  (void)argc;
  return 0;
#endif
}

Determining if the function pthread_create exists in the pthreads failed with the following output:
Change Dir: /home/pi/ros_catkin_ws/build_isolated/bond/CMakeFiles/CMakeTmp

Run Build Command:"/usr/bin/make" "cmTC_ce3eb/fast"
/usr/bin/make -f CMakeFiles/cmTC_ce3eb.dir/build.make CMakeFiles/cmTC_ce3eb.dir/build
make[1]: Entering directory '/home/pi/ros_catkin_ws/build_isolated/bond/CMakeFiles/CMakeTmp'
Building C object CMakeFiles/cmTC_ce3eb.dir/CheckFunctionExists.c.o
/usr/bin/cc    -DCHECK_FUNCTION_EXISTS=pthread_create   -o CMakeFiles/cmTC_ce3eb.dir/CheckFunctionExists.c.o   -c /usr/share/cmake-3.6/Modules/CheckFunctionExists.c
Linking C executable cmTC_ce3eb
/usr/bin/cmake -E cmake_link_script CMakeFiles/cmTC_ce3eb.dir/link.txt --verbose=1
/usr/bin/cc   -DCHECK_FUNCTION_EXISTS=pthread_create    CMakeFiles/cmTC_ce3eb.dir/CheckFunctionExists.c.o  -o cmTC_ce3eb -rdynamic -lpthreads 
/usr/bin/ld: cannot find -lpthreads
collect2: error: ld returned 1 exit status
CMakeFiles/cmTC_ce3eb.dir/build.make:97: recipe for target 'cmTC_ce3eb' failed
make[1]: *** [cmTC_ce3eb] Error 1
make[1]: Leaving directory '/home/pi/ros_catkin_ws/build_isolated/bond/CMakeFiles/CMakeTmp'
Makefile:126: recipe for target 'cmTC_ce3eb/fast' failed
make: *** [cmTC_ce3eb/fast] Error 2


