Determining if the pthread_create exist failed with the following output:
Change Dir: /home/pi/ros_catkin_ws/build_isolated/rostopic/CMakeFiles/CMakeTmp

Run Build Command:"/usr/bin/make" "cmTC_3af76/fast"
/usr/bin/make -f CMakeFiles/cmTC_3af76.dir/build.make CMakeFiles/cmTC_3af76.dir/build
make[1]: Entering directory '/home/pi/ros_catkin_ws/build_isolated/rostopic/CMakeFiles/CMakeTmp'
Building C object CMakeFiles/cmTC_3af76.dir/CheckSymbolExists.c.o
/usr/bin/cc     -o CMakeFiles/cmTC_3af76.dir/CheckSymbolExists.c.o   -c /home/pi/ros_catkin_ws/build_isolated/rostopic/CMakeFiles/CMakeTmp/CheckSymbolExists.c
Linking C executable cmTC_3af76
/usr/bin/cmake -E cmake_link_script CMakeFiles/cmTC_3af76.dir/link.txt --verbose=1
/usr/bin/cc       CMakeFiles/cmTC_3af76.dir/CheckSymbolExists.c.o  -o cmTC_3af76 -rdynamic 
CMakeFiles/cmTC_3af76.dir/CheckSymbolExists.c.o: In function `main':
CheckSymbolExists.c:(.text+0x38): undefined reference to `pthread_create'
collect2: error: ld returned 1 exit status
CMakeFiles/cmTC_3af76.dir/build.make:97: recipe for target 'cmTC_3af76' failed
make[1]: *** [cmTC_3af76] Error 1
make[1]: Leaving directory '/home/pi/ros_catkin_ws/build_isolated/rostopic/CMakeFiles/CMakeTmp'
Makefile:126: recipe for target 'cmTC_3af76/fast' failed
make: *** [cmTC_3af76/fast] Error 2

File /home/pi/ros_catkin_ws/build_isolated/rostopic/CMakeFiles/CMakeTmp/CheckSymbolExists.c:
/* */
#include <pthread.h>

int main(int argc, char** argv)
{
  (void)argv;
#ifndef pthread_create
  return ((int*)(&pthread_create))[argc];
#else
  (void)argc;
  return 0;
#endif
}

Determining if the function pthread_create exists in the pthreads failed with the following output:
Change Dir: /home/pi/ros_catkin_ws/build_isolated/rostopic/CMakeFiles/CMakeTmp

Run Build Command:"/usr/bin/make" "cmTC_15651/fast"
/usr/bin/make -f CMakeFiles/cmTC_15651.dir/build.make CMakeFiles/cmTC_15651.dir/build
make[1]: Entering directory '/home/pi/ros_catkin_ws/build_isolated/rostopic/CMakeFiles/CMakeTmp'
Building C object CMakeFiles/cmTC_15651.dir/CheckFunctionExists.c.o
/usr/bin/cc    -DCHECK_FUNCTION_EXISTS=pthread_create   -o CMakeFiles/cmTC_15651.dir/CheckFunctionExists.c.o   -c /usr/share/cmake-3.6/Modules/CheckFunctionExists.c
Linking C executable cmTC_15651
/usr/bin/cmake -E cmake_link_script CMakeFiles/cmTC_15651.dir/link.txt --verbose=1
/usr/bin/cc   -DCHECK_FUNCTION_EXISTS=pthread_create    CMakeFiles/cmTC_15651.dir/CheckFunctionExists.c.o  -o cmTC_15651 -rdynamic -lpthreads 
/usr/bin/ld: cannot find -lpthreads
collect2: error: ld returned 1 exit status
CMakeFiles/cmTC_15651.dir/build.make:97: recipe for target 'cmTC_15651' failed
make[1]: *** [cmTC_15651] Error 1
make[1]: Leaving directory '/home/pi/ros_catkin_ws/build_isolated/rostopic/CMakeFiles/CMakeTmp'
Makefile:126: recipe for target 'cmTC_15651/fast' failed
make: *** [cmTC_15651/fast] Error 2


