Determining if the pthread_create exist failed with the following output:
Change Dir: /home/pi/ros_catkin_ws/build_isolated/angles/CMakeFiles/CMakeTmp

Run Build Command:"/usr/bin/make" "cmTC_b7ecf/fast"
/usr/bin/make -f CMakeFiles/cmTC_b7ecf.dir/build.make CMakeFiles/cmTC_b7ecf.dir/build
make[1]: Entering directory '/home/pi/ros_catkin_ws/build_isolated/angles/CMakeFiles/CMakeTmp'
Building C object CMakeFiles/cmTC_b7ecf.dir/CheckSymbolExists.c.o
/usr/bin/cc     -o CMakeFiles/cmTC_b7ecf.dir/CheckSymbolExists.c.o   -c /home/pi/ros_catkin_ws/build_isolated/angles/CMakeFiles/CMakeTmp/CheckSymbolExists.c
Linking C executable cmTC_b7ecf
/usr/bin/cmake -E cmake_link_script CMakeFiles/cmTC_b7ecf.dir/link.txt --verbose=1
/usr/bin/cc       CMakeFiles/cmTC_b7ecf.dir/CheckSymbolExists.c.o  -o cmTC_b7ecf -rdynamic 
CMakeFiles/cmTC_b7ecf.dir/CheckSymbolExists.c.o: In function `main':
CheckSymbolExists.c:(.text+0x38): undefined reference to `pthread_create'
collect2: error: ld returned 1 exit status
CMakeFiles/cmTC_b7ecf.dir/build.make:97: recipe for target 'cmTC_b7ecf' failed
make[1]: *** [cmTC_b7ecf] Error 1
make[1]: Leaving directory '/home/pi/ros_catkin_ws/build_isolated/angles/CMakeFiles/CMakeTmp'
Makefile:126: recipe for target 'cmTC_b7ecf/fast' failed
make: *** [cmTC_b7ecf/fast] Error 2

File /home/pi/ros_catkin_ws/build_isolated/angles/CMakeFiles/CMakeTmp/CheckSymbolExists.c:
/* */
#include <pthread.h>

int main(int argc, char** argv)
{
  (void)argv;
#ifndef pthread_create
  return ((int*)(&pthread_create))[argc];
#else
  (void)argc;
  return 0;
#endif
}

Determining if the function pthread_create exists in the pthreads failed with the following output:
Change Dir: /home/pi/ros_catkin_ws/build_isolated/angles/CMakeFiles/CMakeTmp

Run Build Command:"/usr/bin/make" "cmTC_7ae73/fast"
/usr/bin/make -f CMakeFiles/cmTC_7ae73.dir/build.make CMakeFiles/cmTC_7ae73.dir/build
make[1]: Entering directory '/home/pi/ros_catkin_ws/build_isolated/angles/CMakeFiles/CMakeTmp'
Building C object CMakeFiles/cmTC_7ae73.dir/CheckFunctionExists.c.o
/usr/bin/cc    -DCHECK_FUNCTION_EXISTS=pthread_create   -o CMakeFiles/cmTC_7ae73.dir/CheckFunctionExists.c.o   -c /usr/share/cmake-3.6/Modules/CheckFunctionExists.c
Linking C executable cmTC_7ae73
/usr/bin/cmake -E cmake_link_script CMakeFiles/cmTC_7ae73.dir/link.txt --verbose=1
/usr/bin/cc   -DCHECK_FUNCTION_EXISTS=pthread_create    CMakeFiles/cmTC_7ae73.dir/CheckFunctionExists.c.o  -o cmTC_7ae73 -rdynamic -lpthreads 
/usr/bin/ld: cannot find -lpthreads
collect2: error: ld returned 1 exit status
CMakeFiles/cmTC_7ae73.dir/build.make:97: recipe for target 'cmTC_7ae73' failed
make[1]: *** [cmTC_7ae73] Error 1
make[1]: Leaving directory '/home/pi/ros_catkin_ws/build_isolated/angles/CMakeFiles/CMakeTmp'
Makefile:126: recipe for target 'cmTC_7ae73/fast' failed
make: *** [cmTC_7ae73/fast] Error 2


