Determining if the pthread_create exist failed with the following output:
Change Dir: /home/pi/ros_catkin_ws/build_isolated/tf_conversions/CMakeFiles/CMakeTmp

Run Build Command:"/usr/bin/make" "cmTC_6986b/fast"
/usr/bin/make -f CMakeFiles/cmTC_6986b.dir/build.make CMakeFiles/cmTC_6986b.dir/build
make[1]: Entering directory '/home/pi/ros_catkin_ws/build_isolated/tf_conversions/CMakeFiles/CMakeTmp'
Building C object CMakeFiles/cmTC_6986b.dir/CheckSymbolExists.c.o
/usr/bin/cc     -o CMakeFiles/cmTC_6986b.dir/CheckSymbolExists.c.o   -c /home/pi/ros_catkin_ws/build_isolated/tf_conversions/CMakeFiles/CMakeTmp/CheckSymbolExists.c
Linking C executable cmTC_6986b
/usr/bin/cmake -E cmake_link_script CMakeFiles/cmTC_6986b.dir/link.txt --verbose=1
/usr/bin/cc       CMakeFiles/cmTC_6986b.dir/CheckSymbolExists.c.o  -o cmTC_6986b -rdynamic 
CMakeFiles/cmTC_6986b.dir/CheckSymbolExists.c.o: In function `main':
CheckSymbolExists.c:(.text+0x38): undefined reference to `pthread_create'
collect2: error: ld returned 1 exit status
CMakeFiles/cmTC_6986b.dir/build.make:97: recipe for target 'cmTC_6986b' failed
make[1]: *** [cmTC_6986b] Error 1
make[1]: Leaving directory '/home/pi/ros_catkin_ws/build_isolated/tf_conversions/CMakeFiles/CMakeTmp'
Makefile:126: recipe for target 'cmTC_6986b/fast' failed
make: *** [cmTC_6986b/fast] Error 2

File /home/pi/ros_catkin_ws/build_isolated/tf_conversions/CMakeFiles/CMakeTmp/CheckSymbolExists.c:
/* */
#include <pthread.h>

int main(int argc, char** argv)
{
  (void)argv;
#ifndef pthread_create
  return ((int*)(&pthread_create))[argc];
#else
  (void)argc;
  return 0;
#endif
}

Determining if the function pthread_create exists in the pthreads failed with the following output:
Change Dir: /home/pi/ros_catkin_ws/build_isolated/tf_conversions/CMakeFiles/CMakeTmp

Run Build Command:"/usr/bin/make" "cmTC_e3b0c/fast"
/usr/bin/make -f CMakeFiles/cmTC_e3b0c.dir/build.make CMakeFiles/cmTC_e3b0c.dir/build
make[1]: Entering directory '/home/pi/ros_catkin_ws/build_isolated/tf_conversions/CMakeFiles/CMakeTmp'
Building C object CMakeFiles/cmTC_e3b0c.dir/CheckFunctionExists.c.o
/usr/bin/cc    -DCHECK_FUNCTION_EXISTS=pthread_create   -o CMakeFiles/cmTC_e3b0c.dir/CheckFunctionExists.c.o   -c /usr/share/cmake-3.6/Modules/CheckFunctionExists.c
Linking C executable cmTC_e3b0c
/usr/bin/cmake -E cmake_link_script CMakeFiles/cmTC_e3b0c.dir/link.txt --verbose=1
/usr/bin/cc   -DCHECK_FUNCTION_EXISTS=pthread_create    CMakeFiles/cmTC_e3b0c.dir/CheckFunctionExists.c.o  -o cmTC_e3b0c -rdynamic -lpthreads 
/usr/bin/ld: cannot find -lpthreads
collect2: error: ld returned 1 exit status
CMakeFiles/cmTC_e3b0c.dir/build.make:97: recipe for target 'cmTC_e3b0c' failed
make[1]: *** [cmTC_e3b0c] Error 1
make[1]: Leaving directory '/home/pi/ros_catkin_ws/build_isolated/tf_conversions/CMakeFiles/CMakeTmp'
Makefile:126: recipe for target 'cmTC_e3b0c/fast' failed
make: *** [cmTC_e3b0c/fast] Error 2


