NUM val: 0
GPIO val: 24
ON val: 0
OFF val: 1
rm: cannot remove ‘/tmp/ledpipe0’: No such file or directory
kill: usage: kill [-s sigspec | -n signum | -sigspec] pid | jobspec ... or kill -l [sigspec]
ON
kill: usage: kill [-s sigspec | -n signum | -sigspec] pid | jobspec ... or kill -l [sigspec]
OFF
NUM val: 1
GPIO val: 25
ON val: 0
OFF val: 1
rm: cannot remove ‘/tmp/ledpipe1’: No such file or directory
kill: usage: kill [-s sigspec | -n signum | -sigspec] pid | jobspec ... or kill -l [sigspec]
ON
kill: usage: kill [-s sigspec | -n signum | -sigspec] pid | jobspec ... or kill -l [sigspec]
OFF
kill: usage: kill [-s sigspec | -n signum | -sigspec] pid | jobspec ... or kill -l [sigspec]
OFF
kill: usage: kill [-s sigspec | -n signum | -sigspec] pid | jobspec ... or kill -l [sigspec]
OFF
kill: usage: kill [-s sigspec | -n signum | -sigspec] pid | jobspec ... or kill -l [sigspec]
FASTER
OFF
/home/pi/openkin/led-linuxgpio.sh: line 97:  1277 Terminated              led_blink_f
/home/pi/openkin/led-linuxgpio.sh: line 78: kill: (1277) - No such process
OFF
kill: usage: kill [-s sigspec | -n signum | -sigspec] pid | jobspec ... or kill -l [sigspec]
OFF
/home/pi/openkin/led-linuxgpio.sh: line 78: kill: (1277) - No such process
OFF
kill: usage: kill [-s sigspec | -n signum | -sigspec] pid | jobspec ... or kill -l [sigspec]
BLINK
/home/pi/openkin/led-linuxgpio.sh: line 78: kill: (1277) - No such process
OFF
/home/pi/openkin/led-linuxgpio.sh: line 78: kill: (1277) - No such process
OFF
/home/pi/openkin/led-linuxgpio.sh: line 78: kill: (1277) - No such process
OFF
/home/pi/openkin/led-linuxgpio.sh: line 78: kill: (1277) - No such process
OFF
/home/pi/openkin/led-linuxgpio.sh: line 78: kill: (1277) - No such process
OFF
/home/pi/openkin/led-linuxgpio.sh: line 78: kill: (1277) - No such process
OFF
/home/pi/openkin/led-linuxgpio.sh: line 78: kill: (1277) - No such process
OFF
/home/pi/openkin/led-linuxgpio.sh: line 78: kill: (1277) - No such process
OFF
/home/pi/openkin/led-linuxgpio.sh: line 78: kill: (1277) - No such process
OFF
/home/pi/openkin/led-linuxgpio.sh: line 78: kill: (1277) - No such process
OFF
/home/pi/openkin/led-linuxgpio.sh: line 78: kill: (1277) - No such process
OFF
