Determining if the pthread_create exist failed with the following output:
Change Dir: /home/pi/ros_catkin_ws/build_isolated/bond_core/CMakeFiles/CMakeTmp

Run Build Command:"/usr/bin/make" "cmTC_465f2/fast"
/usr/bin/make -f CMakeFiles/cmTC_465f2.dir/build.make CMakeFiles/cmTC_465f2.dir/build
make[1]: Entering directory '/home/pi/ros_catkin_ws/build_isolated/bond_core/CMakeFiles/CMakeTmp'
Building C object CMakeFiles/cmTC_465f2.dir/CheckSymbolExists.c.o
/usr/bin/cc     -o CMakeFiles/cmTC_465f2.dir/CheckSymbolExists.c.o   -c /home/pi/ros_catkin_ws/build_isolated/bond_core/CMakeFiles/CMakeTmp/CheckSymbolExists.c
Linking C executable cmTC_465f2
/usr/bin/cmake -E cmake_link_script CMakeFiles/cmTC_465f2.dir/link.txt --verbose=1
/usr/bin/cc       CMakeFiles/cmTC_465f2.dir/CheckSymbolExists.c.o  -o cmTC_465f2 -rdynamic 
CMakeFiles/cmTC_465f2.dir/CheckSymbolExists.c.o: In function `main':
CheckSymbolExists.c:(.text+0x38): undefined reference to `pthread_create'
collect2: error: ld returned 1 exit status
CMakeFiles/cmTC_465f2.dir/build.make:97: recipe for target 'cmTC_465f2' failed
make[1]: *** [cmTC_465f2] Error 1
make[1]: Leaving directory '/home/pi/ros_catkin_ws/build_isolated/bond_core/CMakeFiles/CMakeTmp'
Makefile:126: recipe for target 'cmTC_465f2/fast' failed
make: *** [cmTC_465f2/fast] Error 2

File /home/pi/ros_catkin_ws/build_isolated/bond_core/CMakeFiles/CMakeTmp/CheckSymbolExists.c:
/* */
#include <pthread.h>

int main(int argc, char** argv)
{
  (void)argv;
#ifndef pthread_create
  return ((int*)(&pthread_create))[argc];
#else
  (void)argc;
  return 0;
#endif
}

Determining if the function pthread_create exists in the pthreads failed with the following output:
Change Dir: /home/pi/ros_catkin_ws/build_isolated/bond_core/CMakeFiles/CMakeTmp

Run Build Command:"/usr/bin/make" "cmTC_1844c/fast"
/usr/bin/make -f CMakeFiles/cmTC_1844c.dir/build.make CMakeFiles/cmTC_1844c.dir/build
make[1]: Entering directory '/home/pi/ros_catkin_ws/build_isolated/bond_core/CMakeFiles/CMakeTmp'
Building C object CMakeFiles/cmTC_1844c.dir/CheckFunctionExists.c.o
/usr/bin/cc    -DCHECK_FUNCTION_EXISTS=pthread_create   -o CMakeFiles/cmTC_1844c.dir/CheckFunctionExists.c.o   -c /usr/share/cmake-3.6/Modules/CheckFunctionExists.c
Linking C executable cmTC_1844c
/usr/bin/cmake -E cmake_link_script CMakeFiles/cmTC_1844c.dir/link.txt --verbose=1
/usr/bin/cc   -DCHECK_FUNCTION_EXISTS=pthread_create    CMakeFiles/cmTC_1844c.dir/CheckFunctionExists.c.o  -o cmTC_1844c -rdynamic -lpthreads 
/usr/bin/ld: cannot find -lpthreads
collect2: error: ld returned 1 exit status
CMakeFiles/cmTC_1844c.dir/build.make:97: recipe for target 'cmTC_1844c' failed
make[1]: *** [cmTC_1844c] Error 1
make[1]: Leaving directory '/home/pi/ros_catkin_ws/build_isolated/bond_core/CMakeFiles/CMakeTmp'
Makefile:126: recipe for target 'cmTC_1844c/fast' failed
make: *** [cmTC_1844c/fast] Error 2


