Determining if the pthread_create exist failed with the following output:
Change Dir: /home/pi/ros_catkin_ws/build_isolated/rospack/CMakeFiles/CMakeTmp

Run Build Command:"/usr/bin/make" "cmTC_93d65/fast"
/usr/bin/make -f CMakeFiles/cmTC_93d65.dir/build.make CMakeFiles/cmTC_93d65.dir/build
make[1]: Entering directory '/home/pi/ros_catkin_ws/build_isolated/rospack/CMakeFiles/CMakeTmp'
Building C object CMakeFiles/cmTC_93d65.dir/CheckSymbolExists.c.o
/usr/bin/cc     -o CMakeFiles/cmTC_93d65.dir/CheckSymbolExists.c.o   -c /home/pi/ros_catkin_ws/build_isolated/rospack/CMakeFiles/CMakeTmp/CheckSymbolExists.c
Linking C executable cmTC_93d65
/usr/bin/cmake -E cmake_link_script CMakeFiles/cmTC_93d65.dir/link.txt --verbose=1
/usr/bin/cc       CMakeFiles/cmTC_93d65.dir/CheckSymbolExists.c.o  -o cmTC_93d65 -rdynamic 
CMakeFiles/cmTC_93d65.dir/CheckSymbolExists.c.o: In function `main':
CheckSymbolExists.c:(.text+0x38): undefined reference to `pthread_create'
collect2: error: ld returned 1 exit status
CMakeFiles/cmTC_93d65.dir/build.make:97: recipe for target 'cmTC_93d65' failed
make[1]: *** [cmTC_93d65] Error 1
make[1]: Leaving directory '/home/pi/ros_catkin_ws/build_isolated/rospack/CMakeFiles/CMakeTmp'
Makefile:126: recipe for target 'cmTC_93d65/fast' failed
make: *** [cmTC_93d65/fast] Error 2

File /home/pi/ros_catkin_ws/build_isolated/rospack/CMakeFiles/CMakeTmp/CheckSymbolExists.c:
/* */
#include <pthread.h>

int main(int argc, char** argv)
{
  (void)argv;
#ifndef pthread_create
  return ((int*)(&pthread_create))[argc];
#else
  (void)argc;
  return 0;
#endif
}

Determining if the function pthread_create exists in the pthreads failed with the following output:
Change Dir: /home/pi/ros_catkin_ws/build_isolated/rospack/CMakeFiles/CMakeTmp

Run Build Command:"/usr/bin/make" "cmTC_f320b/fast"
/usr/bin/make -f CMakeFiles/cmTC_f320b.dir/build.make CMakeFiles/cmTC_f320b.dir/build
make[1]: Entering directory '/home/pi/ros_catkin_ws/build_isolated/rospack/CMakeFiles/CMakeTmp'
Building C object CMakeFiles/cmTC_f320b.dir/CheckFunctionExists.c.o
/usr/bin/cc    -DCHECK_FUNCTION_EXISTS=pthread_create   -o CMakeFiles/cmTC_f320b.dir/CheckFunctionExists.c.o   -c /usr/share/cmake-3.6/Modules/CheckFunctionExists.c
Linking C executable cmTC_f320b
/usr/bin/cmake -E cmake_link_script CMakeFiles/cmTC_f320b.dir/link.txt --verbose=1
/usr/bin/cc   -DCHECK_FUNCTION_EXISTS=pthread_create    CMakeFiles/cmTC_f320b.dir/CheckFunctionExists.c.o  -o cmTC_f320b -rdynamic -lpthreads 
/usr/bin/ld: cannot find -lpthreads
collect2: error: ld returned 1 exit status
CMakeFiles/cmTC_f320b.dir/build.make:97: recipe for target 'cmTC_f320b' failed
make[1]: *** [cmTC_f320b] Error 1
make[1]: Leaving directory '/home/pi/ros_catkin_ws/build_isolated/rospack/CMakeFiles/CMakeTmp'
Makefile:126: recipe for target 'cmTC_f320b/fast' failed
make: *** [cmTC_f320b/fast] Error 2


