Determining if the pthread_create exist failed with the following output:
Change Dir: /home/pi/ros_catkin_ws/build_isolated/std_srvs/CMakeFiles/CMakeTmp

Run Build Command:"/usr/bin/make" "cmTC_e90d4/fast"
/usr/bin/make -f CMakeFiles/cmTC_e90d4.dir/build.make CMakeFiles/cmTC_e90d4.dir/build
make[1]: Entering directory '/home/pi/ros_catkin_ws/build_isolated/std_srvs/CMakeFiles/CMakeTmp'
Building C object CMakeFiles/cmTC_e90d4.dir/CheckSymbolExists.c.o
/usr/bin/cc     -o CMakeFiles/cmTC_e90d4.dir/CheckSymbolExists.c.o   -c /home/pi/ros_catkin_ws/build_isolated/std_srvs/CMakeFiles/CMakeTmp/CheckSymbolExists.c
Linking C executable cmTC_e90d4
/usr/bin/cmake -E cmake_link_script CMakeFiles/cmTC_e90d4.dir/link.txt --verbose=1
/usr/bin/cc       CMakeFiles/cmTC_e90d4.dir/CheckSymbolExists.c.o  -o cmTC_e90d4 -rdynamic 
CMakeFiles/cmTC_e90d4.dir/CheckSymbolExists.c.o: In function `main':
CheckSymbolExists.c:(.text+0x38): undefined reference to `pthread_create'
collect2: error: ld returned 1 exit status
CMakeFiles/cmTC_e90d4.dir/build.make:97: recipe for target 'cmTC_e90d4' failed
make[1]: *** [cmTC_e90d4] Error 1
make[1]: Leaving directory '/home/pi/ros_catkin_ws/build_isolated/std_srvs/CMakeFiles/CMakeTmp'
Makefile:126: recipe for target 'cmTC_e90d4/fast' failed
make: *** [cmTC_e90d4/fast] Error 2

File /home/pi/ros_catkin_ws/build_isolated/std_srvs/CMakeFiles/CMakeTmp/CheckSymbolExists.c:
/* */
#include <pthread.h>

int main(int argc, char** argv)
{
  (void)argv;
#ifndef pthread_create
  return ((int*)(&pthread_create))[argc];
#else
  (void)argc;
  return 0;
#endif
}

Determining if the function pthread_create exists in the pthreads failed with the following output:
Change Dir: /home/pi/ros_catkin_ws/build_isolated/std_srvs/CMakeFiles/CMakeTmp

Run Build Command:"/usr/bin/make" "cmTC_b5d2b/fast"
/usr/bin/make -f CMakeFiles/cmTC_b5d2b.dir/build.make CMakeFiles/cmTC_b5d2b.dir/build
make[1]: Entering directory '/home/pi/ros_catkin_ws/build_isolated/std_srvs/CMakeFiles/CMakeTmp'
Building C object CMakeFiles/cmTC_b5d2b.dir/CheckFunctionExists.c.o
/usr/bin/cc    -DCHECK_FUNCTION_EXISTS=pthread_create   -o CMakeFiles/cmTC_b5d2b.dir/CheckFunctionExists.c.o   -c /usr/share/cmake-3.6/Modules/CheckFunctionExists.c
Linking C executable cmTC_b5d2b
/usr/bin/cmake -E cmake_link_script CMakeFiles/cmTC_b5d2b.dir/link.txt --verbose=1
/usr/bin/cc   -DCHECK_FUNCTION_EXISTS=pthread_create    CMakeFiles/cmTC_b5d2b.dir/CheckFunctionExists.c.o  -o cmTC_b5d2b -rdynamic -lpthreads 
/usr/bin/ld: cannot find -lpthreads
collect2: error: ld returned 1 exit status
CMakeFiles/cmTC_b5d2b.dir/build.make:97: recipe for target 'cmTC_b5d2b' failed
make[1]: *** [cmTC_b5d2b] Error 1
make[1]: Leaving directory '/home/pi/ros_catkin_ws/build_isolated/std_srvs/CMakeFiles/CMakeTmp'
Makefile:126: recipe for target 'cmTC_b5d2b/fast' failed
make: *** [cmTC_b5d2b/fast] Error 2


