Determining if the pthread_create exist failed with the following output:
Change Dir: /home/pi/ros_catkin_ws/build_isolated/diagnostic_msgs/CMakeFiles/CMakeTmp

Run Build Command:"/usr/bin/make" "cmTC_21a7d/fast"
/usr/bin/make -f CMakeFiles/cmTC_21a7d.dir/build.make CMakeFiles/cmTC_21a7d.dir/build
make[1]: Entering directory '/home/pi/ros_catkin_ws/build_isolated/diagnostic_msgs/CMakeFiles/CMakeTmp'
Building C object CMakeFiles/cmTC_21a7d.dir/CheckSymbolExists.c.o
/usr/bin/cc     -o CMakeFiles/cmTC_21a7d.dir/CheckSymbolExists.c.o   -c /home/pi/ros_catkin_ws/build_isolated/diagnostic_msgs/CMakeFiles/CMakeTmp/CheckSymbolExists.c
Linking C executable cmTC_21a7d
/usr/bin/cmake -E cmake_link_script CMakeFiles/cmTC_21a7d.dir/link.txt --verbose=1
/usr/bin/cc       CMakeFiles/cmTC_21a7d.dir/CheckSymbolExists.c.o  -o cmTC_21a7d -rdynamic 
CMakeFiles/cmTC_21a7d.dir/CheckSymbolExists.c.o: In function `main':
CheckSymbolExists.c:(.text+0x38): undefined reference to `pthread_create'
collect2: error: ld returned 1 exit status
CMakeFiles/cmTC_21a7d.dir/build.make:97: recipe for target 'cmTC_21a7d' failed
make[1]: *** [cmTC_21a7d] Error 1
make[1]: Leaving directory '/home/pi/ros_catkin_ws/build_isolated/diagnostic_msgs/CMakeFiles/CMakeTmp'
Makefile:126: recipe for target 'cmTC_21a7d/fast' failed
make: *** [cmTC_21a7d/fast] Error 2

File /home/pi/ros_catkin_ws/build_isolated/diagnostic_msgs/CMakeFiles/CMakeTmp/CheckSymbolExists.c:
/* */
#include <pthread.h>

int main(int argc, char** argv)
{
  (void)argv;
#ifndef pthread_create
  return ((int*)(&pthread_create))[argc];
#else
  (void)argc;
  return 0;
#endif
}

Determining if the function pthread_create exists in the pthreads failed with the following output:
Change Dir: /home/pi/ros_catkin_ws/build_isolated/diagnostic_msgs/CMakeFiles/CMakeTmp

Run Build Command:"/usr/bin/make" "cmTC_1b66f/fast"
/usr/bin/make -f CMakeFiles/cmTC_1b66f.dir/build.make CMakeFiles/cmTC_1b66f.dir/build
make[1]: Entering directory '/home/pi/ros_catkin_ws/build_isolated/diagnostic_msgs/CMakeFiles/CMakeTmp'
Building C object CMakeFiles/cmTC_1b66f.dir/CheckFunctionExists.c.o
/usr/bin/cc    -DCHECK_FUNCTION_EXISTS=pthread_create   -o CMakeFiles/cmTC_1b66f.dir/CheckFunctionExists.c.o   -c /usr/share/cmake-3.6/Modules/CheckFunctionExists.c
Linking C executable cmTC_1b66f
/usr/bin/cmake -E cmake_link_script CMakeFiles/cmTC_1b66f.dir/link.txt --verbose=1
/usr/bin/cc   -DCHECK_FUNCTION_EXISTS=pthread_create    CMakeFiles/cmTC_1b66f.dir/CheckFunctionExists.c.o  -o cmTC_1b66f -rdynamic -lpthreads 
/usr/bin/ld: cannot find -lpthreads
collect2: error: ld returned 1 exit status
CMakeFiles/cmTC_1b66f.dir/build.make:97: recipe for target 'cmTC_1b66f' failed
make[1]: *** [cmTC_1b66f] Error 1
make[1]: Leaving directory '/home/pi/ros_catkin_ws/build_isolated/diagnostic_msgs/CMakeFiles/CMakeTmp'
Makefile:126: recipe for target 'cmTC_1b66f/fast' failed
make: *** [cmTC_1b66f/fast] Error 2


