USER       PID %CPU %MEM    VSZ   RSS TTY      STAT START   TIME COMMAND
root         1  0.0  0.3   5312  3768 ?        Ss   00:48   0:03 /sbin/init
root         2  0.0  0.0      0     0 ?        S    00:48   0:00 [kthreadd]
root         3  0.0  0.0      0     0 ?        S    00:48   0:00 [ksoftirqd/0]
root         5  0.0  0.0      0     0 ?        S<   00:48   0:00 [kworker/0:0H]
root         6  2.0  0.0      0     0 ?        S    00:48   1:38 [kworker/u8:0]
root         7  0.0  0.0      0     0 ?        S    00:48   0:04 [rcu_sched]
root         8  0.0  0.0      0     0 ?        S    00:48   0:00 [rcu_bh]
root         9  0.0  0.0      0     0 ?        S    00:48   0:00 [migration/0]
root        10  0.0  0.0      0     0 ?        S<   00:48   0:00 [lru-add-drain]
root        11  0.0  0.0      0     0 ?        S    00:48   0:00 [cpuhp/0]
root        12  0.0  0.0      0     0 ?        S    00:48   0:00 [cpuhp/1]
root        13  0.0  0.0      0     0 ?        S    00:48   0:00 [migration/1]
root        14  0.0  0.0      0     0 ?        S    00:48   0:00 [ksoftirqd/1]
root        16  0.0  0.0      0     0 ?        S<   00:48   0:00 [kworker/1:0H]
root        17  0.0  0.0      0     0 ?        S    00:48   0:00 [cpuhp/2]
root        18  0.0  0.0      0     0 ?        S    00:48   0:00 [migration/2]
root        19  0.0  0.0      0     0 ?        S    00:48   0:00 [ksoftirqd/2]
root        21  0.0  0.0      0     0 ?        S<   00:48   0:00 [kworker/2:0H]
root        22  0.0  0.0      0     0 ?        S    00:48   0:00 [cpuhp/3]
root        23  0.0  0.0      0     0 ?        S    00:48   0:00 [migration/3]
root        24  0.0  0.0      0     0 ?        S    00:48   0:00 [ksoftirqd/3]
root        26  0.0  0.0      0     0 ?        S<   00:48   0:00 [kworker/3:0H]
root        27  0.0  0.0      0     0 ?        S    00:48   0:00 [kdevtmpfs]
root        28  0.0  0.0      0     0 ?        S<   00:48   0:00 [netns]
root        29  0.0  0.0      0     0 ?        S    00:48   0:00 [khungtaskd]
root        30  0.0  0.0      0     0 ?        S    00:48   0:00 [oom_reaper]
root        31  0.0  0.0      0     0 ?        S<   00:48   0:00 [writeback]
root        32  0.0  0.0      0     0 ?        S    00:48   0:00 [kcompactd0]
root        33  0.0  0.0      0     0 ?        S<   00:48   0:00 [crypto]
root        34  0.0  0.0      0     0 ?        S<   00:48   0:00 [bioset]
root        35  0.0  0.0      0     0 ?        S<   00:48   0:00 [kblockd]
root        36  0.0  0.0      0     0 ?        S<   00:48   0:00 [watchdogd]
root        37  0.0  0.0      0     0 ?        S    00:48   0:00 [kworker/0:1]
root        38  0.0  0.0      0     0 ?        S<   00:48   0:00 [rpciod]
root        39  0.0  0.0      0     0 ?        S<   00:48   0:00 [xprtiod]
root        40  0.0  0.0      0     0 ?        S    00:48   0:00 [kswapd0]
root        41  0.0  0.0      0     0 ?        S<   00:48   0:00 [vmstat]
root        42  0.0  0.0      0     0 ?        S<   00:48   0:00 [nfsiod]
root        52  0.0  0.0      0     0 ?        S<   00:48   0:00 [kthrotld]
root        53  0.0  0.0      0     0 ?        S<   00:48   0:00 [bioset]
root        54  0.0  0.0      0     0 ?        S<   00:48   0:00 [bioset]
root        55  0.0  0.0      0     0 ?        S<   00:48   0:00 [bioset]
root        56  0.0  0.0      0     0 ?        S<   00:48   0:00 [bioset]
root        57  0.0  0.0      0     0 ?        S<   00:48   0:00 [bioset]
root        58  0.0  0.0      0     0 ?        S<   00:48   0:00 [bioset]
root        59  0.0  0.0      0     0 ?        S<   00:48   0:00 [bioset]
root        60  0.0  0.0      0     0 ?        S<   00:48   0:00 [bioset]
root        61  0.0  0.0      0     0 ?        S<   00:48   0:00 [bioset]
root        62  0.0  0.0      0     0 ?        S<   00:48   0:00 [bioset]
root        63  0.0  0.0      0     0 ?        S<   00:48   0:00 [bioset]
root        64  0.0  0.0      0     0 ?        S<   00:48   0:00 [bioset]
root        65  0.0  0.0      0     0 ?        S<   00:48   0:00 [bioset]
root        66  0.0  0.0      0     0 ?        S<   00:48   0:00 [bioset]
root        67  0.0  0.0      0     0 ?        S<   00:48   0:00 [bioset]
root        68  0.0  0.0      0     0 ?        S<   00:48   0:00 [bioset]
root        69  0.0  0.0      0     0 ?        S<   00:48   0:00 [bioset]
root        70  0.0  0.0      0     0 ?        S<   00:48   0:00 [bioset]
root        71  0.0  0.0      0     0 ?        S<   00:48   0:00 [bioset]
root        72  0.0  0.0      0     0 ?        S<   00:48   0:00 [bioset]
root        73  0.0  0.0      0     0 ?        S<   00:48   0:00 [bioset]
root        74  0.0  0.0      0     0 ?        S<   00:48   0:00 [bioset]
root        75  0.0  0.0      0     0 ?        S<   00:48   0:00 [bioset]
root        76  0.0  0.0      0     0 ?        S<   00:48   0:00 [bioset]
root        77  0.0  0.0      0     0 ?        S<   00:48   0:00 [iscsi_eh]
root        78  0.0  0.0      0     0 ?        S<   00:48   0:00 [dwc_otg]
root        80  0.0  0.0      0     0 ?        S<   00:48   0:00 [DWC Notificatio]
root        81  0.0  0.0      0     0 ?        S<   00:48   0:00 [VCHIQ-0]
root        82  0.0  0.0      0     0 ?        S<   00:48   0:00 [VCHIQr-0]
root        83  0.0  0.0      0     0 ?        S<   00:48   0:00 [VCHIQs-0]
root        84  0.0  0.0      0     0 ?        S    00:48   0:00 [VCHIQka-0]
root        85  0.0  0.0      0     0 ?        S<   00:48   0:00 [SMIO]
root        89  0.0  0.0      0     0 ?        S<   00:48   0:00 [bioset]
root        90  0.0  0.0      0     0 ?        S    00:48   0:02 [mmcqd/0]
root        92  0.0  0.0      0     0 ?        S    00:48   0:00 [jbd2/mmcblk0p2-]
root        93  0.0  0.0      0     0 ?        S<   00:48   0:00 [ext4-rsv-conver]
root        94  0.0  0.0      0     0 ?        S<   00:48   0:00 [ipv6_addrconf]
root       107  0.0  0.0      0     0 ?        S<   00:48   0:00 [kworker/0:1H]
root       134  0.0  0.0      0     0 ?        S    00:48   0:00 [kworker/2:2]
root       142  0.0  0.3   9928  3104 ?        Ss   00:48   0:01 /lib/systemd/systemd-journald
root       144  0.0  0.3  12088  2940 ?        Ss   00:48   0:00 /lib/systemd/systemd-udevd
root       424  0.0  0.7  41252  6852 ?        Ssl  00:48   0:00 /usr/sbin/ModemManager
root       425  0.0  0.2   5544  2380 ?        Ss   00:48   0:00 /usr/sbin/cron -f
root       426  0.0  0.3  32172  3004 ?        Ssl  00:48   0:00 /usr/sbin/rsyslogd -n
avahi      428  0.0  0.2   3872  2512 ?        Ss   00:48   0:00 avahi-daemon: running [raspberrypi.local]
root       430  0.0  1.2  65784 11376 ?        Ssl  00:48   0:00 /usr/sbin/NetworkManager --no-daemon
message+   432  0.0  0.3   5760  3296 ?        Ss   00:48   0:00 /usr/bin/dbus-daemon --system --address=systemd: --nofork --nopidfile --systemd-activation
avahi      435  0.0  0.0   3872   244 ?        S    00:48   0:00 avahi-daemon: chroot helper
root       436  0.0  0.0      0     0 ?        S<   00:48   0:00 [cfg80211]
root       484  0.0  0.2   3848  2384 ?        Ss   00:48   0:00 /lib/systemd/systemd-logind
root       493  0.0  0.6  37152  6392 ?        Ssl  00:48   0:00 /usr/lib/policykit-1/polkitd --no-debug
nobody     516  0.0  0.1   2288  1464 ?        Ss   00:48   0:01 /usr/sbin/thd --daemon --triggers /etc/triggerhappy/triggers.d/ --socket /var/run/thd.socket --pidfile /var/run/thd.pid --user nobody /dev/input/event0 /dev/input/event1
root       525  0.0  0.0      0     0 ?        S<   00:48   0:00 [kworker/3:1H]
root       526  0.0  0.0   2560   260 ?        Ss   00:48   0:00 /sbin/dhcpcd -q -w
root       543  0.0  0.5  35952  5480 ?        Ssl  00:48   0:00 /usr/sbin/lightdm
root       552  0.0  0.4   7856  4344 ?        Ss   00:48   0:00 /usr/sbin/sshd -D
root       555  3.4  7.5 215864 71396 tty7     Ssl+ 00:48   2:39 /usr/lib/xorg/Xorg :0 -seat seat0 -auth /var/run/lightdm/root/:0 -nolisten tcp vt7 -novtswitch
pi         564  0.0  0.3   4972  3372 ?        Ss   00:48   0:00 /lib/systemd/systemd --user
pi         569  0.0  0.1   6772  1136 ?        S    00:48   0:00 (sd-pam)  
root       581  0.0  0.0      0     0 ?        S<   00:48   0:00 [kworker/2:1H]
root       618  0.0  0.6  28304  5764 ?        Sl   00:48   0:00 lightdm --session-child 13 16
pi         639  0.0  1.2  51760 11728 ?        Ssl  00:48   0:00 /usr/bin/lxsession -s LXDE-pi -e LXDE
pi         681  0.0  0.0   3700   224 ?        Ss   00:48   0:00 /usr/bin/ssh-agent /usr/bin/dbus-launch --exit-with-session x-session-manager
pi         684  0.0  0.1   3772  1648 ?        S    00:48   0:00 /usr/bin/dbus-launch --exit-with-session x-session-manager
pi         685  0.0  0.2   5596  2120 ?        Ss   00:48   0:00 /usr/bin/dbus-daemon --fork --print-pid 5 --print-address 7 --session
pi         691  0.0  0.6  32004  5944 ?        Sl   00:48   0:00 /usr/lib/gvfs/gvfsd
pi         695  0.0  0.4  47788  4324 ?        Sl   00:48   0:00 /usr/lib/gvfs/gvfsd-fuse /run/user/1000/gvfs -f -o big_writes
pi         706  0.0  1.3  22624 12936 ?        S    00:48   0:04 openbox --config-file /home/pi/.config/openbox/lxde-pi-rc.xml
pi         709  0.0  1.0  31120  9504 ?        Sl   00:48   0:00 lxpolkit
pi         711  0.2  2.5  94236 23916 ?        Sl   00:48   0:10 lxpanel --profile LXDE-pi
pi         712  2.7  3.0 151060 28784 ?        Sl   00:48   2:10 pcmanfm --desktop --profile LXDE-pi
pi         713  0.0  0.4   8292  4272 ?        S    00:48   0:01 xscreensaver -no-splash
pi         719  0.0  0.0   3700   224 ?        Ss   00:48   0:00 /usr/bin/ssh-agent -s
pi         721  0.0  1.6  47020 15232 ?        Sl   00:48   0:00 /usr/lib/notification-daemon/notification-daemon
pi         735  0.0  0.7  42860  7196 ?        Sl   00:48   0:00 /usr/lib/gvfs/gvfs-udisks2-volume-monitor
root       739  0.0  0.6  54628  6428 ?        Ssl  00:48   0:00 /usr/lib/udisks2/udisksd --no-debug
rtkit      743  0.0  0.2  21372  2028 ?        SNsl 00:48   0:00 /usr/lib/rtkit/rtkit-daemon
pi         756  0.0  0.4  44540  4664 ?        Sl   00:48   0:00 /usr/lib/at-spi2-core/at-spi-bus-launcher
pi         760  0.0  0.3   5488  2968 ?        S    00:48   0:00 /usr/bin/dbus-daemon --config-file=/etc/at-spi2/accessibility.conf --nofork --print-address 3
pi         764  0.0  0.5  17796  5452 ?        Sl   00:48   0:01 /usr/lib/at-spi2-core/at-spi2-registryd --use-gnome-session
pi         767  0.0  0.5  31048  5568 ?        Sl   00:48   0:00 /usr/lib/gvfs/gvfs-goa-volume-monitor
pi         773  0.0  0.5  30948  5344 ?        Sl   00:48   0:00 /usr/lib/gvfs/gvfs-mtp-volume-monitor
pi         778  0.0  0.6  31968  5696 ?        Sl   00:48   0:00 /usr/lib/gvfs/gvfs-gphoto2-volume-monitor
pi         784  0.0  0.6  43564  6596 ?        Sl   00:48   0:00 /usr/lib/gvfs/gvfs-afc-volume-monitor
pi         785  0.0  0.0   1908   100 ?        S    00:48   0:00 /bin/sh /usr/bin/start-pulseaudio-x11
pi         786  0.0  0.2   6484  2348 ?        S    00:48   0:00 /usr/bin/xprop -root -spy
pi         795  0.0  0.5  28828  4948 ?        Ssl  00:48   0:00 /usr/lib/menu-cache/menu-cached /tmp/.menu-cached-:0-pi
pi         814  0.0  0.6  60120  6504 ?        Sl   00:48   0:00 /usr/lib/gvfs/gvfsd-trash --spawner :1.1 /org/gtk/gvfs/exec_spaw/0
pi         822  0.0  1.9  23684 18268 ?        S    00:49   0:01 xterm -class UXTerm -title uxterm -u8
pi         828  0.0  0.6   8508  6140 pts/0    Ss   00:49   0:02 bash
pi        2364  0.0  0.4   9668  4456 ?        S    00:51   0:00 /usr/lib/arm-linux-gnueabihf/gconf/gconfd-2
root      3073  0.0  0.0      0     0 ?        S<   00:53   0:00 [kworker/1:1H]
pi        3415  0.0  0.5  21752  5644 ?        Sl   00:54   0:00 /usr/lib/gvfs/gvfsd-metadata
root      7682  0.0  0.0      0     0 ?        S    01:02   0:00 [kworker/2:0]
root      7840  0.0  0.0      0     0 ?        S    01:03   0:00 [kworker/3:0]
root     13728  0.0  0.0      0     0 ?        S    01:18   0:00 [kworker/3:1]
root     22326  1.3  0.0      0     0 ?        S    01:42   0:19 [kworker/u8:3]
root     24024  0.0  0.0      0     0 ?        S    01:48   0:00 [kworker/1:1]
root     24376  0.0  0.0      0     0 ?        S    01:49   0:00 [kworker/0:2]
root     27328  0.0  0.0      0     0 ?        S    01:57   0:00 [kworker/1:3]
root     28295  0.7  0.0      0     0 ?        S    02:00   0:02 [kworker/u8:4]
root     28464  0.0  0.2   5768  2812 tty1     Ss   02:01   0:00 /bin/login -f   
pi       28474  0.1  0.6   8436  5976 tty1     S+   02:01   0:00 -bash
root     28605  0.0  0.0      0     0 ?        S    02:02   0:00 [kworker/1:0]
pi       28647  0.4  0.3   5800  3432 pts/0    S+   02:04   0:00 bash measurement.sh
root     28677  0.0  0.3   7356  3192 pts/0    S+   02:04   0:00 sudo python /home/pi/openkin/shutdown_flip.py
root     28678  0.0  0.3   7356  3256 pts/0    S+   02:04   0:00 sudo bash /home/pi/openkin/led-linuxgpio.sh 0 24 1
root     28686  0.0  0.5   9576  5240 pts/0    S+   02:04   0:00 python /home/pi/openkin/shutdown_flip.py
root     28687  0.0  0.2   5120  2760 pts/0    S+   02:04   0:00 bash /home/pi/openkin/led-linuxgpio.sh 0 24 1
root     28720  0.0  0.3   7356  3252 pts/0    S+   02:04   0:00 sudo bash /home/pi/openkin/led-linuxgpio.sh 1 25 1
root     28725  0.0  0.2   5120  2616 pts/0    S+   02:04   0:00 bash /home/pi/openkin/led-linuxgpio.sh 1 25 1
pi       28776  0.0  0.2   5680  2064 ?        Ss   02:05   0:00 SCREEN -dmS ins
pi       28778  0.3  0.6   8452  6020 pts/1    Ss   02:05   0:00 /bin/bash
root     28836  0.0  0.3   7360  3196 pts/1    S    02:05   0:00 sudo -E bash
root     28840  0.3  0.6   8448  5952 pts/1    S    02:05   0:00 bash
root     28897  1.4  1.7  48932 16744 pts/1    S<l+ 02:05   0:01 /usr/bin/python /opt/ros/kinetic/bin/roslaunch vectornav vn200.launch
root     28909  1.6  1.6  74844 15212 ?        S<sl 02:05   0:01 /usr/bin/python /opt/ros/kinetic/bin/rosmaster --core -p 11311 -w 3 __log:=/home/pi/.ros/log/fffd0b18-ba88-11ef-9ad8-69da2169f119/master.log
root     28922  0.3  0.9  66628  8756 ?        S<sl 02:05   0:00 /opt/ros/kinetic/lib/rosout/rosout __name:=rosout __log:=/home/pi/.ros/log/fffd0b18-ba88-11ef-9ad8-69da2169f119/rosout-1.log
root     28925 95.8  1.0  86780  9904 ?        S<sl 02:05   1:30 /home/pi/catkin_ws/devel/lib/vectornav/vn200_node __name:=vectornav __log:=/home/pi/.ros/log/fffd0b18-ba88-11ef-9ad8-69da2169f119/vectornav-2.log
pi       28983  0.0  0.2   5680  2084 ?        Ss   02:05   0:00 SCREEN -dmS bag
pi       28985  0.4  0.6   8452  6028 pts/2    Ss   02:05   0:00 /bin/bash
pi       29063  0.8  1.6  23468 15620 pts/2    S+   02:05   0:00 /usr/bin/python /opt/ros/kinetic/bin/rosbag record -a
pi       29066 19.7  1.3 182340 12484 pts/2    Sl+  02:05   0:16 /opt/ros/kinetic/lib/rosbag/record --buffsize 256 --chunksize 768 --all
pi       29133  0.0  0.2   5680  2084 ?        Ss   02:05   0:00 SCREEN -dmS log
pi       29135  0.4  0.6   8452  6028 pts/3    Ss   02:05   0:00 /bin/bash
root     29145  0.3  0.1   5128  1876 pts/0    S+   02:05   0:00 bash /home/pi/openkin/led-linuxgpio.sh 0 24 1
pi       29217 25.9  1.8  76332 17040 pts/3    Sl+  02:05   0:20 python /home/pi/catkin_ws/src/ascii_logger/src/listener.py
pi       29694  0.6  1.0  15160  9720 ?        S    02:05   0:00 xterm -class UXTerm -title uxterm -u8
pi       29703  0.8  0.6   8464  5972 pts/4    Ss   02:05   0:00 bash
pi       30426 62.0  1.6  23592 15912 pts/0    S+   02:06   0:00 /usr/bin/python /opt/ros/kinetic/bin/rostopic list
root     30432  0.0  0.0   3872   336 pts/0    R+   02:06   0:00 [sleep]
pi       30435  0.0  0.2   5216  2136 pts/4    R+   02:06   0:00 ps aux
