Determining if the pthread_create exist failed with the following output:
Change Dir: /home/pi/ros_catkin_ws/build_isolated/rosconsole/CMakeFiles/CMakeTmp

Run Build Command:"/usr/bin/make" "cmTC_70e59/fast"
/usr/bin/make -f CMakeFiles/cmTC_70e59.dir/build.make CMakeFiles/cmTC_70e59.dir/build
make[1]: Entering directory '/home/pi/ros_catkin_ws/build_isolated/rosconsole/CMakeFiles/CMakeTmp'
Building C object CMakeFiles/cmTC_70e59.dir/CheckSymbolExists.c.o
/usr/bin/cc     -o CMakeFiles/cmTC_70e59.dir/CheckSymbolExists.c.o   -c /home/pi/ros_catkin_ws/build_isolated/rosconsole/CMakeFiles/CMakeTmp/CheckSymbolExists.c
Linking C executable cmTC_70e59
/usr/bin/cmake -E cmake_link_script CMakeFiles/cmTC_70e59.dir/link.txt --verbose=1
/usr/bin/cc       CMakeFiles/cmTC_70e59.dir/CheckSymbolExists.c.o  -o cmTC_70e59 -rdynamic 
CMakeFiles/cmTC_70e59.dir/CheckSymbolExists.c.o: In function `main':
CheckSymbolExists.c:(.text+0x38): undefined reference to `pthread_create'
collect2: error: ld returned 1 exit status
CMakeFiles/cmTC_70e59.dir/build.make:97: recipe for target 'cmTC_70e59' failed
make[1]: *** [cmTC_70e59] Error 1
make[1]: Leaving directory '/home/pi/ros_catkin_ws/build_isolated/rosconsole/CMakeFiles/CMakeTmp'
Makefile:126: recipe for target 'cmTC_70e59/fast' failed
make: *** [cmTC_70e59/fast] Error 2

File /home/pi/ros_catkin_ws/build_isolated/rosconsole/CMakeFiles/CMakeTmp/CheckSymbolExists.c:
/* */
#include <pthread.h>

int main(int argc, char** argv)
{
  (void)argv;
#ifndef pthread_create
  return ((int*)(&pthread_create))[argc];
#else
  (void)argc;
  return 0;
#endif
}

Determining if the function pthread_create exists in the pthreads failed with the following output:
Change Dir: /home/pi/ros_catkin_ws/build_isolated/rosconsole/CMakeFiles/CMakeTmp

Run Build Command:"/usr/bin/make" "cmTC_f5cff/fast"
/usr/bin/make -f CMakeFiles/cmTC_f5cff.dir/build.make CMakeFiles/cmTC_f5cff.dir/build
make[1]: Entering directory '/home/pi/ros_catkin_ws/build_isolated/rosconsole/CMakeFiles/CMakeTmp'
Building C object CMakeFiles/cmTC_f5cff.dir/CheckFunctionExists.c.o
/usr/bin/cc    -DCHECK_FUNCTION_EXISTS=pthread_create   -o CMakeFiles/cmTC_f5cff.dir/CheckFunctionExists.c.o   -c /usr/share/cmake-3.6/Modules/CheckFunctionExists.c
Linking C executable cmTC_f5cff
/usr/bin/cmake -E cmake_link_script CMakeFiles/cmTC_f5cff.dir/link.txt --verbose=1
/usr/bin/cc   -DCHECK_FUNCTION_EXISTS=pthread_create    CMakeFiles/cmTC_f5cff.dir/CheckFunctionExists.c.o  -o cmTC_f5cff -rdynamic -lpthreads 
/usr/bin/ld: cannot find -lpthreads
collect2: error: ld returned 1 exit status
CMakeFiles/cmTC_f5cff.dir/build.make:97: recipe for target 'cmTC_f5cff' failed
make[1]: *** [cmTC_f5cff] Error 1
make[1]: Leaving directory '/home/pi/ros_catkin_ws/build_isolated/rosconsole/CMakeFiles/CMakeTmp'
Makefile:126: recipe for target 'cmTC_f5cff/fast' failed
make: *** [cmTC_f5cff/fast] Error 2


