Determining if the pthread_create exist failed with the following output:
Change Dir: /home/pi/ros_catkin_ws/build_isolated/class_loader/CMakeFiles/CMakeTmp

Run Build Command:"/usr/bin/make" "cmTC_4996d/fast"
/usr/bin/make -f CMakeFiles/cmTC_4996d.dir/build.make CMakeFiles/cmTC_4996d.dir/build
make[1]: Entering directory '/home/pi/ros_catkin_ws/build_isolated/class_loader/CMakeFiles/CMakeTmp'
Building C object CMakeFiles/cmTC_4996d.dir/CheckSymbolExists.c.o
/usr/bin/cc     -o CMakeFiles/cmTC_4996d.dir/CheckSymbolExists.c.o   -c /home/pi/ros_catkin_ws/build_isolated/class_loader/CMakeFiles/CMakeTmp/CheckSymbolExists.c
Linking C executable cmTC_4996d
/usr/bin/cmake -E cmake_link_script CMakeFiles/cmTC_4996d.dir/link.txt --verbose=1
/usr/bin/cc       CMakeFiles/cmTC_4996d.dir/CheckSymbolExists.c.o  -o cmTC_4996d -rdynamic 
CMakeFiles/cmTC_4996d.dir/CheckSymbolExists.c.o: In function `main':
CheckSymbolExists.c:(.text+0x38): undefined reference to `pthread_create'
collect2: error: ld returned 1 exit status
CMakeFiles/cmTC_4996d.dir/build.make:97: recipe for target 'cmTC_4996d' failed
make[1]: *** [cmTC_4996d] Error 1
make[1]: Leaving directory '/home/pi/ros_catkin_ws/build_isolated/class_loader/CMakeFiles/CMakeTmp'
Makefile:126: recipe for target 'cmTC_4996d/fast' failed
make: *** [cmTC_4996d/fast] Error 2

File /home/pi/ros_catkin_ws/build_isolated/class_loader/CMakeFiles/CMakeTmp/CheckSymbolExists.c:
/* */
#include <pthread.h>

int main(int argc, char** argv)
{
  (void)argv;
#ifndef pthread_create
  return ((int*)(&pthread_create))[argc];
#else
  (void)argc;
  return 0;
#endif
}

Determining if the function pthread_create exists in the pthreads failed with the following output:
Change Dir: /home/pi/ros_catkin_ws/build_isolated/class_loader/CMakeFiles/CMakeTmp

Run Build Command:"/usr/bin/make" "cmTC_20f06/fast"
/usr/bin/make -f CMakeFiles/cmTC_20f06.dir/build.make CMakeFiles/cmTC_20f06.dir/build
make[1]: Entering directory '/home/pi/ros_catkin_ws/build_isolated/class_loader/CMakeFiles/CMakeTmp'
Building C object CMakeFiles/cmTC_20f06.dir/CheckFunctionExists.c.o
/usr/bin/cc    -DCHECK_FUNCTION_EXISTS=pthread_create   -o CMakeFiles/cmTC_20f06.dir/CheckFunctionExists.c.o   -c /usr/share/cmake-3.6/Modules/CheckFunctionExists.c
Linking C executable cmTC_20f06
/usr/bin/cmake -E cmake_link_script CMakeFiles/cmTC_20f06.dir/link.txt --verbose=1
/usr/bin/cc   -DCHECK_FUNCTION_EXISTS=pthread_create    CMakeFiles/cmTC_20f06.dir/CheckFunctionExists.c.o  -o cmTC_20f06 -rdynamic -lpthreads 
/usr/bin/ld: cannot find -lpthreads
collect2: error: ld returned 1 exit status
CMakeFiles/cmTC_20f06.dir/build.make:97: recipe for target 'cmTC_20f06' failed
make[1]: *** [cmTC_20f06] Error 1
make[1]: Leaving directory '/home/pi/ros_catkin_ws/build_isolated/class_loader/CMakeFiles/CMakeTmp'
Makefile:126: recipe for target 'cmTC_20f06/fast' failed
make: *** [cmTC_20f06/fast] Error 2


