Determining if the pthread_create exist failed with the following output:
Change Dir: /home/pi/ros_catkin_ws/build_isolated/diagnostic_common_diagnostics/CMakeFiles/CMakeTmp

Run Build Command:"/usr/bin/make" "cmTC_55b7b/fast"
/usr/bin/make -f CMakeFiles/cmTC_55b7b.dir/build.make CMakeFiles/cmTC_55b7b.dir/build
make[1]: Entering directory '/home/pi/ros_catkin_ws/build_isolated/diagnostic_common_diagnostics/CMakeFiles/CMakeTmp'
Building C object CMakeFiles/cmTC_55b7b.dir/CheckSymbolExists.c.o
/usr/bin/cc     -o CMakeFiles/cmTC_55b7b.dir/CheckSymbolExists.c.o   -c /home/pi/ros_catkin_ws/build_isolated/diagnostic_common_diagnostics/CMakeFiles/CMakeTmp/CheckSymbolExists.c
Linking C executable cmTC_55b7b
/usr/bin/cmake -E cmake_link_script CMakeFiles/cmTC_55b7b.dir/link.txt --verbose=1
/usr/bin/cc       CMakeFiles/cmTC_55b7b.dir/CheckSymbolExists.c.o  -o cmTC_55b7b -rdynamic 
CMakeFiles/cmTC_55b7b.dir/CheckSymbolExists.c.o: In function `main':
CheckSymbolExists.c:(.text+0x38): undefined reference to `pthread_create'
collect2: error: ld returned 1 exit status
CMakeFiles/cmTC_55b7b.dir/build.make:97: recipe for target 'cmTC_55b7b' failed
make[1]: *** [cmTC_55b7b] Error 1
make[1]: Leaving directory '/home/pi/ros_catkin_ws/build_isolated/diagnostic_common_diagnostics/CMakeFiles/CMakeTmp'
Makefile:126: recipe for target 'cmTC_55b7b/fast' failed
make: *** [cmTC_55b7b/fast] Error 2

File /home/pi/ros_catkin_ws/build_isolated/diagnostic_common_diagnostics/CMakeFiles/CMakeTmp/CheckSymbolExists.c:
/* */
#include <pthread.h>

int main(int argc, char** argv)
{
  (void)argv;
#ifndef pthread_create
  return ((int*)(&pthread_create))[argc];
#else
  (void)argc;
  return 0;
#endif
}

Determining if the function pthread_create exists in the pthreads failed with the following output:
Change Dir: /home/pi/ros_catkin_ws/build_isolated/diagnostic_common_diagnostics/CMakeFiles/CMakeTmp

Run Build Command:"/usr/bin/make" "cmTC_a2773/fast"
/usr/bin/make -f CMakeFiles/cmTC_a2773.dir/build.make CMakeFiles/cmTC_a2773.dir/build
make[1]: Entering directory '/home/pi/ros_catkin_ws/build_isolated/diagnostic_common_diagnostics/CMakeFiles/CMakeTmp'
Building C object CMakeFiles/cmTC_a2773.dir/CheckFunctionExists.c.o
/usr/bin/cc    -DCHECK_FUNCTION_EXISTS=pthread_create   -o CMakeFiles/cmTC_a2773.dir/CheckFunctionExists.c.o   -c /usr/share/cmake-3.6/Modules/CheckFunctionExists.c
Linking C executable cmTC_a2773
/usr/bin/cmake -E cmake_link_script CMakeFiles/cmTC_a2773.dir/link.txt --verbose=1
/usr/bin/cc   -DCHECK_FUNCTION_EXISTS=pthread_create    CMakeFiles/cmTC_a2773.dir/CheckFunctionExists.c.o  -o cmTC_a2773 -rdynamic -lpthreads 
/usr/bin/ld: cannot find -lpthreads
collect2: error: ld returned 1 exit status
CMakeFiles/cmTC_a2773.dir/build.make:97: recipe for target 'cmTC_a2773' failed
make[1]: *** [cmTC_a2773] Error 1
make[1]: Leaving directory '/home/pi/ros_catkin_ws/build_isolated/diagnostic_common_diagnostics/CMakeFiles/CMakeTmp'
Makefile:126: recipe for target 'cmTC_a2773/fast' failed
make: *** [cmTC_a2773/fast] Error 2


