Determining if the pthread_create exist failed with the following output:
Change Dir: /home/pi/ros_catkin_ws/build_isolated/stereo_msgs/CMakeFiles/CMakeTmp

Run Build Command:"/usr/bin/make" "cmTC_14f64/fast"
/usr/bin/make -f CMakeFiles/cmTC_14f64.dir/build.make CMakeFiles/cmTC_14f64.dir/build
make[1]: Entering directory '/home/pi/ros_catkin_ws/build_isolated/stereo_msgs/CMakeFiles/CMakeTmp'
Building C object CMakeFiles/cmTC_14f64.dir/CheckSymbolExists.c.o
/usr/bin/cc     -o CMakeFiles/cmTC_14f64.dir/CheckSymbolExists.c.o   -c /home/pi/ros_catkin_ws/build_isolated/stereo_msgs/CMakeFiles/CMakeTmp/CheckSymbolExists.c
Linking C executable cmTC_14f64
/usr/bin/cmake -E cmake_link_script CMakeFiles/cmTC_14f64.dir/link.txt --verbose=1
/usr/bin/cc       CMakeFiles/cmTC_14f64.dir/CheckSymbolExists.c.o  -o cmTC_14f64 -rdynamic 
CMakeFiles/cmTC_14f64.dir/CheckSymbolExists.c.o: In function `main':
CheckSymbolExists.c:(.text+0x38): undefined reference to `pthread_create'
collect2: error: ld returned 1 exit status
CMakeFiles/cmTC_14f64.dir/build.make:97: recipe for target 'cmTC_14f64' failed
make[1]: *** [cmTC_14f64] Error 1
make[1]: Leaving directory '/home/pi/ros_catkin_ws/build_isolated/stereo_msgs/CMakeFiles/CMakeTmp'
Makefile:126: recipe for target 'cmTC_14f64/fast' failed
make: *** [cmTC_14f64/fast] Error 2

File /home/pi/ros_catkin_ws/build_isolated/stereo_msgs/CMakeFiles/CMakeTmp/CheckSymbolExists.c:
/* */
#include <pthread.h>

int main(int argc, char** argv)
{
  (void)argv;
#ifndef pthread_create
  return ((int*)(&pthread_create))[argc];
#else
  (void)argc;
  return 0;
#endif
}

Determining if the function pthread_create exists in the pthreads failed with the following output:
Change Dir: /home/pi/ros_catkin_ws/build_isolated/stereo_msgs/CMakeFiles/CMakeTmp

Run Build Command:"/usr/bin/make" "cmTC_6e97d/fast"
/usr/bin/make -f CMakeFiles/cmTC_6e97d.dir/build.make CMakeFiles/cmTC_6e97d.dir/build
make[1]: Entering directory '/home/pi/ros_catkin_ws/build_isolated/stereo_msgs/CMakeFiles/CMakeTmp'
Building C object CMakeFiles/cmTC_6e97d.dir/CheckFunctionExists.c.o
/usr/bin/cc    -DCHECK_FUNCTION_EXISTS=pthread_create   -o CMakeFiles/cmTC_6e97d.dir/CheckFunctionExists.c.o   -c /usr/share/cmake-3.6/Modules/CheckFunctionExists.c
Linking C executable cmTC_6e97d
/usr/bin/cmake -E cmake_link_script CMakeFiles/cmTC_6e97d.dir/link.txt --verbose=1
/usr/bin/cc   -DCHECK_FUNCTION_EXISTS=pthread_create    CMakeFiles/cmTC_6e97d.dir/CheckFunctionExists.c.o  -o cmTC_6e97d -rdynamic -lpthreads 
/usr/bin/ld: cannot find -lpthreads
collect2: error: ld returned 1 exit status
CMakeFiles/cmTC_6e97d.dir/build.make:97: recipe for target 'cmTC_6e97d' failed
make[1]: *** [cmTC_6e97d] Error 1
make[1]: Leaving directory '/home/pi/ros_catkin_ws/build_isolated/stereo_msgs/CMakeFiles/CMakeTmp'
Makefile:126: recipe for target 'cmTC_6e97d/fast' failed
make: *** [cmTC_6e97d/fast] Error 2


