Determining if the pthread_create exist failed with the following output:
Change Dir: /home/pi/ros_catkin_ws/build_isolated/tf2_tools/CMakeFiles/CMakeTmp

Run Build Command:"/usr/bin/make" "cmTC_2900d/fast"
/usr/bin/make -f CMakeFiles/cmTC_2900d.dir/build.make CMakeFiles/cmTC_2900d.dir/build
make[1]: Entering directory '/home/pi/ros_catkin_ws/build_isolated/tf2_tools/CMakeFiles/CMakeTmp'
Building C object CMakeFiles/cmTC_2900d.dir/CheckSymbolExists.c.o
/usr/bin/cc     -o CMakeFiles/cmTC_2900d.dir/CheckSymbolExists.c.o   -c /home/pi/ros_catkin_ws/build_isolated/tf2_tools/CMakeFiles/CMakeTmp/CheckSymbolExists.c
Linking C executable cmTC_2900d
/usr/bin/cmake -E cmake_link_script CMakeFiles/cmTC_2900d.dir/link.txt --verbose=1
/usr/bin/cc       CMakeFiles/cmTC_2900d.dir/CheckSymbolExists.c.o  -o cmTC_2900d -rdynamic 
CMakeFiles/cmTC_2900d.dir/CheckSymbolExists.c.o: In function `main':
CheckSymbolExists.c:(.text+0x38): undefined reference to `pthread_create'
collect2: error: ld returned 1 exit status
CMakeFiles/cmTC_2900d.dir/build.make:97: recipe for target 'cmTC_2900d' failed
make[1]: *** [cmTC_2900d] Error 1
make[1]: Leaving directory '/home/pi/ros_catkin_ws/build_isolated/tf2_tools/CMakeFiles/CMakeTmp'
Makefile:126: recipe for target 'cmTC_2900d/fast' failed
make: *** [cmTC_2900d/fast] Error 2

File /home/pi/ros_catkin_ws/build_isolated/tf2_tools/CMakeFiles/CMakeTmp/CheckSymbolExists.c:
/* */
#include <pthread.h>

int main(int argc, char** argv)
{
  (void)argv;
#ifndef pthread_create
  return ((int*)(&pthread_create))[argc];
#else
  (void)argc;
  return 0;
#endif
}

Determining if the function pthread_create exists in the pthreads failed with the following output:
Change Dir: /home/pi/ros_catkin_ws/build_isolated/tf2_tools/CMakeFiles/CMakeTmp

Run Build Command:"/usr/bin/make" "cmTC_a50ca/fast"
/usr/bin/make -f CMakeFiles/cmTC_a50ca.dir/build.make CMakeFiles/cmTC_a50ca.dir/build
make[1]: Entering directory '/home/pi/ros_catkin_ws/build_isolated/tf2_tools/CMakeFiles/CMakeTmp'
Building C object CMakeFiles/cmTC_a50ca.dir/CheckFunctionExists.c.o
/usr/bin/cc    -DCHECK_FUNCTION_EXISTS=pthread_create   -o CMakeFiles/cmTC_a50ca.dir/CheckFunctionExists.c.o   -c /usr/share/cmake-3.6/Modules/CheckFunctionExists.c
Linking C executable cmTC_a50ca
/usr/bin/cmake -E cmake_link_script CMakeFiles/cmTC_a50ca.dir/link.txt --verbose=1
/usr/bin/cc   -DCHECK_FUNCTION_EXISTS=pthread_create    CMakeFiles/cmTC_a50ca.dir/CheckFunctionExists.c.o  -o cmTC_a50ca -rdynamic -lpthreads 
/usr/bin/ld: cannot find -lpthreads
collect2: error: ld returned 1 exit status
CMakeFiles/cmTC_a50ca.dir/build.make:97: recipe for target 'cmTC_a50ca' failed
make[1]: *** [cmTC_a50ca] Error 1
make[1]: Leaving directory '/home/pi/ros_catkin_ws/build_isolated/tf2_tools/CMakeFiles/CMakeTmp'
Makefile:126: recipe for target 'cmTC_a50ca/fast' failed
make: *** [cmTC_a50ca/fast] Error 2


