Determining if the pthread_create exist failed with the following output:
Change Dir: /home/pi/ros_catkin_ws/build_isolated/mk/CMakeFiles/CMakeTmp

Run Build Command:"/usr/bin/make" "cmTC_967ce/fast"
/usr/bin/make -f CMakeFiles/cmTC_967ce.dir/build.make CMakeFiles/cmTC_967ce.dir/build
make[1]: Entering directory '/home/pi/ros_catkin_ws/build_isolated/mk/CMakeFiles/CMakeTmp'
Building C object CMakeFiles/cmTC_967ce.dir/CheckSymbolExists.c.o
/usr/bin/cc     -o CMakeFiles/cmTC_967ce.dir/CheckSymbolExists.c.o   -c /home/pi/ros_catkin_ws/build_isolated/mk/CMakeFiles/CMakeTmp/CheckSymbolExists.c
Linking C executable cmTC_967ce
/usr/bin/cmake -E cmake_link_script CMakeFiles/cmTC_967ce.dir/link.txt --verbose=1
/usr/bin/cc       CMakeFiles/cmTC_967ce.dir/CheckSymbolExists.c.o  -o cmTC_967ce -rdynamic 
CMakeFiles/cmTC_967ce.dir/CheckSymbolExists.c.o: In function `main':
CheckSymbolExists.c:(.text+0x38): undefined reference to `pthread_create'
collect2: error: ld returned 1 exit status
CMakeFiles/cmTC_967ce.dir/build.make:97: recipe for target 'cmTC_967ce' failed
make[1]: *** [cmTC_967ce] Error 1
make[1]: Leaving directory '/home/pi/ros_catkin_ws/build_isolated/mk/CMakeFiles/CMakeTmp'
Makefile:126: recipe for target 'cmTC_967ce/fast' failed
make: *** [cmTC_967ce/fast] Error 2

File /home/pi/ros_catkin_ws/build_isolated/mk/CMakeFiles/CMakeTmp/CheckSymbolExists.c:
/* */
#include <pthread.h>

int main(int argc, char** argv)
{
  (void)argv;
#ifndef pthread_create
  return ((int*)(&pthread_create))[argc];
#else
  (void)argc;
  return 0;
#endif
}

Determining if the function pthread_create exists in the pthreads failed with the following output:
Change Dir: /home/pi/ros_catkin_ws/build_isolated/mk/CMakeFiles/CMakeTmp

Run Build Command:"/usr/bin/make" "cmTC_72692/fast"
/usr/bin/make -f CMakeFiles/cmTC_72692.dir/build.make CMakeFiles/cmTC_72692.dir/build
make[1]: Entering directory '/home/pi/ros_catkin_ws/build_isolated/mk/CMakeFiles/CMakeTmp'
Building C object CMakeFiles/cmTC_72692.dir/CheckFunctionExists.c.o
/usr/bin/cc    -DCHECK_FUNCTION_EXISTS=pthread_create   -o CMakeFiles/cmTC_72692.dir/CheckFunctionExists.c.o   -c /usr/share/cmake-3.6/Modules/CheckFunctionExists.c
Linking C executable cmTC_72692
/usr/bin/cmake -E cmake_link_script CMakeFiles/cmTC_72692.dir/link.txt --verbose=1
/usr/bin/cc   -DCHECK_FUNCTION_EXISTS=pthread_create    CMakeFiles/cmTC_72692.dir/CheckFunctionExists.c.o  -o cmTC_72692 -rdynamic -lpthreads 
/usr/bin/ld: cannot find -lpthreads
collect2: error: ld returned 1 exit status
CMakeFiles/cmTC_72692.dir/build.make:97: recipe for target 'cmTC_72692' failed
make[1]: *** [cmTC_72692] Error 1
make[1]: Leaving directory '/home/pi/ros_catkin_ws/build_isolated/mk/CMakeFiles/CMakeTmp'
Makefile:126: recipe for target 'cmTC_72692/fast' failed
make: *** [cmTC_72692/fast] Error 2


